
2021-10-27 22:36:11,750 - basicLogger - INFO - Engine(mysql://user:***@acit3855-utran2.eastus2.cloudapp.azure.com:3306/Inventory)
2021-10-27 22:36:11,750 - basicLogger - INFO - sessionmaker(class_='Session', bind=Engine(mysql://user:***@acit3855-utran2.eastus2.cloudapp.azure.com:3306/Inventory), autoflush=True, autocommit=False, expire_on_commit=True)
2021-10-27 22:36:11,802 - basicLogger - INFO - Engine(mysql://user:***@acit3855-utran2.eastus2.cloudapp.azure.com:3306/Inventory)
2021-10-27 22:36:11,802 - basicLogger - INFO - sessionmaker(class_='Session', bind=Engine(mysql://user:***@acit3855-utran2.eastus2.cloudapp.azure.com:3306/Inventory), autoflush=True, autocommit=False, expire_on_commit=True)
2021-10-28 00:13:18,782 - basicLogger - INFO - Engine(mysql://user:***@acit3855-utran2.eastus2.cloudapp.azure.com:3306/Inventory)
2021-10-28 00:13:18,782 - basicLogger - INFO - sessionmaker(class_='Session', bind=Engine(mysql://user:***@acit3855-utran2.eastus2.cloudapp.azure.com:3306/Inventory), autoflush=True, autocommit=False, expire_on_commit=True)
2021-10-28 00:13:18,825 - basicLogger - INFO - Engine(mysql://user:***@acit3855-utran2.eastus2.cloudapp.azure.com:3306/Inventory)
2021-10-28 00:13:18,825 - basicLogger - INFO - sessionmaker(class_='Session', bind=Engine(mysql://user:***@acit3855-utran2.eastus2.cloudapp.azure.com:3306/Inventory), autoflush=True, autocommit=False, expire_on_commit=True)
2021-10-28 00:14:17,797 - basicLogger - INFO - Message: {'type': 'add_new_item', 'datetime': '2021-10-28T00:00:14:17', 'payload': {'brand': 'Dell', 'description': 'Designed for home', 'item_id': 214241, 'item_name': 'Insprion', 'last_update': '2021-07-29T09:12:33.001Z', 'price': '$1300', 'quantities': 15}}
2021-10-28 00:16:44,435 - basicLogger - INFO - Engine(mysql://user:***@acit3855-utran2.eastus2.cloudapp.azure.com:3306/Inventory)
2021-10-28 00:16:44,436 - basicLogger - INFO - sessionmaker(class_='Session', bind=Engine(mysql://user:***@acit3855-utran2.eastus2.cloudapp.azure.com:3306/Inventory), autoflush=True, autocommit=False, expire_on_commit=True)
2021-10-28 00:16:44,478 - basicLogger - INFO - Engine(mysql://user:***@acit3855-utran2.eastus2.cloudapp.azure.com:3306/Inventory)
2021-10-28 00:16:44,479 - basicLogger - INFO - sessionmaker(class_='Session', bind=Engine(mysql://user:***@acit3855-utran2.eastus2.cloudapp.azure.com:3306/Inventory), autoflush=True, autocommit=False, expire_on_commit=True)
2021-10-28 00:16:45,624 - basicLogger - INFO - Message: {'type': 'add_new_item', 'datetime': '2021-10-28T00:00:14:17', 'payload': {'brand': 'Dell', 'description': 'Designed for home', 'item_id': 214241, 'item_name': 'Insprion', 'last_update': '2021-07-29T09:12:33.001Z', 'price': '$1300', 'quantities': 15}}
2021-10-28 00:17:12,970 - basicLogger - INFO - Engine(mysql://user:***@acit3855-utran2.eastus2.cloudapp.azure.com:3306/Inventory)
2021-10-28 00:17:12,971 - basicLogger - INFO - sessionmaker(class_='Session', bind=Engine(mysql://user:***@acit3855-utran2.eastus2.cloudapp.azure.com:3306/Inventory), autoflush=True, autocommit=False, expire_on_commit=True)
2021-10-28 00:17:13,024 - basicLogger - INFO - Engine(mysql://user:***@acit3855-utran2.eastus2.cloudapp.azure.com:3306/Inventory)
2021-10-28 00:17:13,024 - basicLogger - INFO - sessionmaker(class_='Session', bind=Engine(mysql://user:***@acit3855-utran2.eastus2.cloudapp.azure.com:3306/Inventory), autoflush=True, autocommit=False, expire_on_commit=True)
2021-10-28 00:17:14,092 - basicLogger - INFO - Message: {'type': 'add_new_item', 'datetime': '2021-10-28T00:00:14:17', 'payload': {'brand': 'Dell', 'description': 'Designed for home', 'item_id': 214241, 'item_name': 'Insprion', 'last_update': '2021-07-29T09:12:33.001Z', 'price': '$1300', 'quantities': 15}}
2021-10-28 00:26:24,237 - basicLogger - INFO - Engine(mysql://user:***@acit3855-utran2.eastus2.cloudapp.azure.com:3306/Inventory)
2021-10-28 00:26:24,238 - basicLogger - INFO - sessionmaker(class_='Session', bind=Engine(mysql://user:***@acit3855-utran2.eastus2.cloudapp.azure.com:3306/Inventory), autoflush=True, autocommit=False, expire_on_commit=True)
2021-10-28 00:26:24,299 - basicLogger - INFO - Engine(mysql://user:***@acit3855-utran2.eastus2.cloudapp.azure.com:3306/Inventory)
2021-10-28 00:26:24,299 - basicLogger - INFO - sessionmaker(class_='Session', bind=Engine(mysql://user:***@acit3855-utran2.eastus2.cloudapp.azure.com:3306/Inventory), autoflush=True, autocommit=False, expire_on_commit=True)
2021-10-28 00:27:37,061 - basicLogger - INFO - Engine(mysql://user:***@acit3855-utran2.eastus2.cloudapp.azure.com:3306/Inventory)
2021-10-28 00:27:37,062 - basicLogger - INFO - sessionmaker(class_='Session', bind=Engine(mysql://user:***@acit3855-utran2.eastus2.cloudapp.azure.com:3306/Inventory), autoflush=True, autocommit=False, expire_on_commit=True)
2021-10-28 00:27:37,114 - basicLogger - INFO - Engine(mysql://user:***@acit3855-utran2.eastus2.cloudapp.azure.com:3306/Inventory)
2021-10-28 00:27:37,114 - basicLogger - INFO - sessionmaker(class_='Session', bind=Engine(mysql://user:***@acit3855-utran2.eastus2.cloudapp.azure.com:3306/Inventory), autoflush=True, autocommit=False, expire_on_commit=True)
2021-10-28 00:27:58,326 - basicLogger - INFO - Message: {'type': 'add_new_item', 'datetime': '2021-10-28T00:00:27:58', 'payload': {'brand': 'HP', 'description': 'Designed for home', 'item_id': 2124541, 'item_name': 'Insprion', 'last_update': '2021-07-29T09:12:33.001Z', 'price': '$1300', 'quantities': 100}}
2021-10-28 00:28:35,913 - basicLogger - INFO - Engine(mysql://user:***@acit3855-utran2.eastus2.cloudapp.azure.com:3306/Inventory)
2021-10-28 00:28:35,913 - basicLogger - INFO - sessionmaker(class_='Session', bind=Engine(mysql://user:***@acit3855-utran2.eastus2.cloudapp.azure.com:3306/Inventory), autoflush=True, autocommit=False, expire_on_commit=True)
2021-10-28 00:28:35,954 - basicLogger - INFO - Engine(mysql://user:***@acit3855-utran2.eastus2.cloudapp.azure.com:3306/Inventory)
2021-10-28 00:28:35,954 - basicLogger - INFO - sessionmaker(class_='Session', bind=Engine(mysql://user:***@acit3855-utran2.eastus2.cloudapp.azure.com:3306/Inventory), autoflush=True, autocommit=False, expire_on_commit=True)
2021-10-28 00:28:36,913 - basicLogger - INFO - Message: {'type': 'add_new_item', 'datetime': '2021-10-28T00:00:27:58', 'payload': {'brand': 'HP', 'description': 'Designed for home', 'item_id': 2124541, 'item_name': 'Insprion', 'last_update': '2021-07-29T09:12:33.001Z', 'price': '$1300', 'quantities': 100}}
2021-10-28 00:28:36,915 - basicLogger - DEBUG - Received event add_new_item request with a unique id of 2124541
2021-10-28 00:28:38,978 - basicLogger - INFO - Message: {'type': 'add_new_item', 'datetime': '2021-10-28T00:00:28:38', 'payload': {'brand': 'HP', 'description': 'Designed for home', 'item_id': 2124541, 'item_name': 'Insprion', 'last_update': '2021-07-29T09:12:33.001Z', 'price': '$1300', 'quantities': 100}}
2021-10-28 00:28:38,978 - basicLogger - DEBUG - Received event add_new_item request with a unique id of 2124541
2021-10-28 00:28:49,321 - basicLogger - INFO - Message: {'type': 'add_new_item', 'datetime': '2021-10-28T00:00:28:49', 'payload': {'brand': 'HP', 'description': 'Designed for home', 'item_id': 2124541, 'item_name': 'Insprion', 'last_update': '2021-07-29T09:12:33.001Z', 'price': '$1300', 'quantities': 100}}
2021-10-28 00:28:49,322 - basicLogger - DEBUG - Received event add_new_item request with a unique id of 2124541
2021-10-28 00:28:54,122 - basicLogger - INFO - Message: {'type': 'add_new_brand', 'datetime': '2021-10-28T00:00:28:53', 'payload': {'brand_id': 43356, 'brand_name': 'Siena', 'location': '550 Seymour St, Vancouver, BC V6B 3H6', 'email_address': 'abc@acb.com.jp', 'phone_number': '777-404-5555', 'description': 'Siena XL', 'last_update': '2021-07-29T09:12:33.001Z'}}
2021-10-28 00:28:54,122 - basicLogger - DEBUG - Received event add_new_brand request with a unique id of 43356
2021-10-28 00:29:05,448 - basicLogger - INFO - Message: {'type': 'add_new_brand', 'datetime': '2021-10-28T00:00:29:05', 'payload': {'brand_id': 43356, 'brand_name': 'XLX', 'location': '550 Seymour St, Vancouver, BC V6B 3H6', 'email_address': 'abc@acb.com.jp', 'phone_number': '777-404-5555', 'description': 'aaafd', 'last_update': '2021-07-29T09:12:33.001Z'}}
2021-10-28 00:29:05,449 - basicLogger - DEBUG - Received event add_new_brand request with a unique id of 43356
2021-10-28 00:32:06,530 - basicLogger - INFO - Engine(mysql://user:***@acit3855-utran2.eastus2.cloudapp.azure.com:3306/Inventory)
2021-10-28 00:32:06,531 - basicLogger - INFO - sessionmaker(class_='Session', bind=Engine(mysql://user:***@acit3855-utran2.eastus2.cloudapp.azure.com:3306/Inventory), autoflush=True, autocommit=False, expire_on_commit=True)
2021-10-28 00:32:06,584 - basicLogger - INFO - Engine(mysql://user:***@acit3855-utran2.eastus2.cloudapp.azure.com:3306/Inventory)
2021-10-28 00:32:06,584 - basicLogger - INFO - sessionmaker(class_='Session', bind=Engine(mysql://user:***@acit3855-utran2.eastus2.cloudapp.azure.com:3306/Inventory), autoflush=True, autocommit=False, expire_on_commit=True)
2021-10-28 08:22:34,416 - basicLogger - INFO - Message: {'type': 'add_new_brand', 'datetime': '2021-10-28T08:08:09:36', 'payload': {'brand_id': 432356, 'brand_name': 'XLXsfadsf', 'location': 'afadfacouver, BC V6B 3H6', 'email_address': 'aadfadfafp', 'phone_number': '7452454355', 'description': 'aaafd', 'last_update': '2021-07-29T09:12:33.001Z'}}
2021-10-28 08:23:32,783 - basicLogger - INFO - Message: {'type': 'add_new_brand', 'datetime': '2021-10-28T08:08:09:36', 'payload': {'brand_id': 432356, 'brand_name': 'XLXsfadsf', 'location': 'afadfacouver, BC V6B 3H6', 'email_address': 'aadfadfafp', 'phone_number': '7452454355', 'description': 'aaafd', 'last_update': '2021-07-29T09:12:33.001Z'}}
2021-10-28 08:25:00,131 - basicLogger - INFO - Message: {'type': 'add_new_brand', 'datetime': '2021-10-28T08:08:09:36', 'payload': {'brand_id': 432356, 'brand_name': 'XLXsfadsf', 'location': 'afadfacouver, BC V6B 3H6', 'email_address': 'aadfadfafp', 'phone_number': '7452454355', 'description': 'aaafd', 'last_update': '2021-07-29T09:12:33.001Z'}}
2021-10-28 08:25:00,133 - basicLogger - DEBUG - Received event add_new_brand request with a unique id of 432356
2021-10-28 08:25:01,751 - basicLogger - INFO - Message: {'type': 'add_new_item', 'datetime': '2021-10-28T08:08:15:35', 'payload': {'brand': 'Lenovo', 'description': 'Designed for business', 'item_id': 21242342, 'item_name': 'Think', 'last_update': '2021-07-29T09:12:33.001Z', 'price': '$1900', 'quantities': 80}}
2021-10-28 08:25:01,751 - basicLogger - DEBUG - Received event add_new_item request with a unique id of 21242342
